<?xml version="1.0" encoding="UTF-8"?>
<!-- Generated by org.testng.reporters.JUnitReportReporter -->
<testsuite skipped="0" hostname="LAPTOP-UCKVVCIT" name="com.global.covid19.TC_001" tests="1" failures="0" timestamp="25 May 2020 12:16:15 GMT" time="20.132" errors="0">
  <testcase name="amazon" time="20.132" classname="com.global.covid19.TC_001"/>
</testsuite> <!-- com.global.covid19.TC_001 -->
